TN:
SF:/Users/maka/zzj/mine/myblog/index.js
FN:50,(anonymous_1)
FN:96,(anonymous_2)
FNF:2
FNH:1
FNDA:8,(anonymous_1)
FNDA:0,(anonymous_2)
DA:1,1
DA:2,1
DA:3,1
DA:4,1
DA:5,1
DA:6,1
DA:7,1
DA:8,1
DA:9,1
DA:10,1
DA:12,1
DA:15,1
DA:17,1
DA:20,1
DA:22,1
DA:35,1
DA:38,1
DA:44,1
DA:50,1
DA:51,8
DA:52,8
DA:53,8
DA:54,8
DA:58,1
DA:70,1
DA:72,1
DA:85,1
DA:86,0
DA:87,0
DA:88,0
DA:91,1
DA:93,1
DA:96,0
DA:97,0
LF:34
LH:29
BRDA:91,1,0,1
BRDA:91,1,1,0
BRF:2
BRH:1
end_of_record
TN:
SF:/Users/maka/zzj/mine/myblog/config/default.js
FNF:0
FNH:0
DA:1,1
LF:1
LH:1
BRF:0
BRH:0
end_of_record
TN:
SF:/Users/maka/zzj/mine/myblog/routes/index.js
FN:1,(anonymous_1)
FNF:1
FNH:1
FNDA:1,(anonymous_1)
DA:1,1
DA:2,1
DA:3,0
DA:5,1
DA:6,1
DA:7,1
DA:8,1
DA:9,1
DA:12,1
DA:13,7
DA:14,0
LF:11
LH:9
BRDA:13,1,0,0
BRDA:13,1,1,7
BRF:2
BRH:1
end_of_record
TN:
SF:/Users/maka/zzj/mine/myblog/routes/signup.js
FN:11,(anonymous_1)
FN:16,(anonymous_2)
FN:57,(anonymous_3)
FN:68,(anonymous_4)
FNF:4
FNH:4
FNDA:3,(anonymous_1)
FNDA:4,(anonymous_2)
FNDA:1,(anonymous_3)
FNDA:1,(anonymous_4)
DA:1,1
DA:2,1
DA:3,1
DA:4,1
DA:5,1
DA:7,1
DA:8,1
DA:11,1
DA:12,3
DA:16,1
DA:17,4
DA:18,4
DA:19,4
DA:20,4
DA:21,4
DA:22,4
DA:25,4
DA:26,4
DA:27,1
DA:29,3
DA:30,1
DA:32,2
DA:33,0
DA:35,2
DA:36,0
DA:38,2
DA:39,0
DA:41,2
DA:42,0
DA:46,2
DA:47,2
DA:48,2
DA:52,2
DA:55,2
DA:56,2
DA:59,1
DA:61,1
DA:62,1
DA:64,1
DA:66,1
DA:70,1
DA:72,1
DA:73,1
DA:74,1
DA:76,0
DA:80,1
LF:46
LH:41
BRDA:26,1,0,1
BRDA:26,1,1,3
BRDA:26,2,0,4
BRDA:26,2,1,3
BRDA:29,3,0,1
BRDA:29,3,1,2
BRDA:32,4,0,0
BRDA:32,4,1,2
BRDA:32,5,0,2
BRDA:32,5,1,2
BRDA:35,6,0,0
BRDA:35,6,1,2
BRDA:38,7,0,0
BRDA:38,7,1,2
BRDA:41,8,0,0
BRDA:41,8,1,2
BRDA:72,9,0,1
BRDA:72,9,1,0
BRF:18
BRH:13
end_of_record
TN:
SF:/Users/maka/zzj/mine/myblog/models/users.js
FN:5,(anonymous_1)
FN:10,(anonymous_2)
FNF:2
FNH:1
FNDA:2,(anonymous_1)
FNDA:0,(anonymous_2)
DA:1,1
DA:3,1
DA:6,2
DA:11,0
LF:4
LH:3
BRF:0
BRH:0
end_of_record
TN:
SF:/Users/maka/zzj/mine/myblog/lib/mongo.js
FN:10,(anonymous_1)
FN:11,(anonymous_2)
FN:16,(anonymous_3)
FNF:3
FNH:2
FNDA:1,(anonymous_1)
FNDA:1,(anonymous_2)
FNDA:0,(anonymous_3)
DA:1,1
DA:2,1
DA:3,1
DA:4,1
DA:5,1
DA:7,1
DA:9,1
DA:11,1
DA:12,1
DA:14,1
DA:17,0
DA:18,0
DA:20,0
DA:24,1
DA:31,1
DA:33,1
DA:39,1
DA:41,1
DA:46,1
LF:19
LH:16
BRDA:17,1,0,0
BRDA:17,1,1,0
BRF:2
BRH:0
end_of_record
TN:
SF:/Users/maka/zzj/mine/myblog/middlewares/check.js
FN:2,checkLogin
FN:9,checkNotLogin
FNF:2
FNH:1
FNDA:0,checkLogin
FNDA:7,checkNotLogin
DA:1,1
DA:3,0
DA:4,0
DA:5,0
DA:7,0
DA:10,7
DA:11,0
DA:12,0
DA:14,7
LF:9
LH:3
BRDA:3,1,0,0
BRDA:3,1,1,0
BRDA:10,2,0,0
BRDA:10,2,1,7
BRF:4
BRH:1
end_of_record
TN:
SF:/Users/maka/zzj/mine/myblog/routes/signin.js
FN:9,(anonymous_1)
FN:14,(anonymous_2)
FN:32,(anonymous_3)
FNF:3
FNH:0
FNDA:0,(anonymous_1)
FNDA:0,(anonymous_2)
FNDA:0,(anonymous_3)
DA:1,1
DA:2,1
DA:3,1
DA:5,1
DA:6,1
DA:9,1
DA:10,0
DA:14,1
DA:15,0
DA:16,0
DA:19,0
DA:20,0
DA:21,0
DA:23,0
DA:24,0
DA:27,0
DA:28,0
DA:31,0
DA:33,0
DA:34,0
DA:35,0
DA:38,0
DA:39,0
DA:40,0
DA:42,0
DA:44,0
DA:45,0
DA:47,0
DA:52,1
LF:29
LH:8
BRDA:20,1,0,0
BRDA:20,1,1,0
BRDA:23,2,0,0
BRDA:23,2,1,0
BRDA:33,3,0,0
BRDA:33,3,1,0
BRDA:38,4,0,0
BRDA:38,4,1,0
BRF:8
BRH:0
end_of_record
TN:
SF:/Users/maka/zzj/mine/myblog/routes/signout.js
FN:7,(anonymous_1)
FNF:1
FNH:0
FNDA:0,(anonymous_1)
DA:1,1
DA:2,1
DA:4,1
DA:7,1
DA:9,0
DA:10,0
DA:12,0
DA:15,1
LF:8
LH:5
BRF:0
BRH:0
end_of_record
TN:
SF:/Users/maka/zzj/mine/myblog/routes/posts.js
FN:14,(anonymous_1)
FN:22,(anonymous_2)
FN:46,(anonymous_3)
FN:56,(anonymous_4)
FN:61,(anonymous_5)
FN:85,(anonymous_6)
FN:105,(anonymous_7)
FN:125,(anonymous_8)
FN:133,(anonymous_9)
FN:144,(anonymous_10)
FNF:10
FNH:1
FNDA:1,(anonymous_1)
FNDA:0,(anonymous_2)
FNDA:0,(anonymous_3)
FNDA:0,(anonymous_4)
FNDA:0,(anonymous_5)
FNDA:0,(anonymous_6)
FNDA:0,(anonymous_7)
FNDA:0,(anonymous_8)
FNDA:0,(anonymous_9)
FNDA:0,(anonymous_10)
DA:1,1
DA:2,1
DA:4,1
DA:5,1
DA:6,1
DA:10,1
DA:11,1
DA:13,1
DA:15,1
DA:22,1
DA:23,0
DA:24,0
DA:25,0
DA:27,0
DA:28,0
DA:29,0
DA:31,0
DA:32,0
DA:35,0
DA:36,0
DA:39,0
DA:45,0
DA:48,0
DA:49,0
DA:51,0
DA:56,1
DA:57,0
DA:61,1
DA:62,0
DA:64,0
DA:70,0
DA:71,0
DA:72,0
DA:73,0
DA:76,0
DA:85,1
DA:86,0
DA:87,0
DA:89,0
DA:91,0
DA:92,0
DA:94,0
DA:95,0
DA:97,0
DA:105,1
DA:106,0
DA:107,0
DA:108,0
DA:109,0
DA:112,0
DA:113,0
DA:114,0
DA:116,0
DA:117,0
DA:120,0
DA:121,0
DA:124,0
DA:126,0
DA:127,0
DA:129,0
DA:130,0
DA:132,0
DA:134,0
DA:136,0
DA:144,1
DA:145,0
DA:146,0
DA:148,0
DA:150,0
DA:151,0
DA:153,0
DA:154,0
DA:156,0
DA:158,0
DA:160,0
DA:167,1
LF:76
LH:16
BRDA:28,1,0,0
BRDA:28,1,1,0
BRDA:31,2,0,0
BRDA:31,2,1,0
BRDA:72,3,0,0
BRDA:72,3,1,0
BRDA:91,4,0,0
BRDA:91,4,1,0
BRDA:94,5,0,0
BRDA:94,5,1,0
BRDA:113,6,0,0
BRDA:113,6,1,0
BRDA:116,7,0,0
BRDA:116,7,1,0
BRDA:126,8,0,0
BRDA:126,8,1,0
BRDA:129,9,0,0
BRDA:129,9,1,0
BRDA:150,10,0,0
BRDA:150,10,1,0
BRDA:153,11,0,0
BRDA:153,11,1,0
BRF:22
BRH:0
end_of_record
TN:
SF:/Users/maka/zzj/mine/myblog/models/posts.js
FN:7,(anonymous_1)
FN:8,(anonymous_2)
FN:9,(anonymous_3)
FN:15,(anonymous_4)
FN:17,(anonymous_5)
FN:28,(anonymous_6)
FN:29,(anonymous_7)
FN:34,(anonymous_8)
FN:44,(anonymous_9)
FN:49,(anonymous_10)
FN:60,(anonymous_11)
FN:76,(anonymous_12)
FN:83,(anonymous_13)
FN:91,(anonymous_14)
FN:96,(anonymous_15)
FNF:15
FNH:6
FNDA:1,(anonymous_1)
FNDA:1,(anonymous_2)
FNDA:1,(anonymous_3)
FNDA:0,(anonymous_4)
FNDA:0,(anonymous_5)
FNDA:1,(anonymous_6)
FNDA:1,(anonymous_7)
FNDA:0,(anonymous_8)
FNDA:0,(anonymous_9)
FNDA:0,(anonymous_10)
FNDA:1,(anonymous_11)
FNDA:0,(anonymous_12)
FNDA:0,(anonymous_13)
FNDA:0,(anonymous_14)
FNDA:0,(anonymous_15)
DA:1,1
DA:2,1
DA:3,1
DA:6,1
DA:8,1
DA:9,1
DA:10,1
DA:11,1
DA:16,0
DA:17,0
DA:18,0
DA:19,0
DA:22,0
DA:27,1
DA:29,1
DA:30,1
DA:31,1
DA:35,0
DA:36,0
DA:38,0
DA:42,1
DA:45,0
DA:50,0
DA:61,1
DA:62,1
DA:63,0
DA:65,1
DA:77,0
DA:84,0
DA:92,0
DA:97,0
DA:101,0
DA:102,0
LF:33
LH:16
BRDA:16,1,0,0
BRDA:16,1,1,0
BRDA:35,2,0,0
BRDA:35,2,1,0
BRDA:62,3,0,0
BRDA:62,3,1,1
BRDA:101,4,0,0
BRDA:101,4,1,0
BRDA:101,5,0,0
BRDA:101,5,1,0
BRF:10
BRH:1
end_of_record
TN:
SF:/Users/maka/zzj/mine/myblog/models/comments.js
FN:6,(anonymous_1)
FN:16,(anonymous_2)
FN:21,(anonymous_3)
FN:26,(anonymous_4)
FN:31,(anonymous_5)
FN:36,(anonymous_6)
FN:47,(anonymous_7)
FNF:7
FNH:1
FNDA:0,(anonymous_1)
FNDA:0,(anonymous_2)
FNDA:0,(anonymous_3)
FNDA:0,(anonymous_4)
FNDA:0,(anonymous_5)
FNDA:0,(anonymous_6)
FNDA:1,(anonymous_7)
DA:1,1
DA:2,1
DA:5,1
DA:7,0
DA:8,0
DA:9,0
DA:14,1
DA:17,0
DA:22,0
DA:27,0
DA:32,0
DA:37,0
DA:48,1
LF:13
LH:5
BRF:0
BRH:0
end_of_record
TN:
SF:/Users/maka/zzj/mine/myblog/routes/comments.js
FN:8,(anonymous_1)
FN:38,(anonymous_2)
FNF:2
FNH:0
FNDA:0,(anonymous_1)
FNDA:0,(anonymous_2)
DA:1,1
DA:2,1
DA:4,1
DA:5,1
DA:8,1
DA:9,0
DA:10,0
DA:13,0
DA:14,0
DA:15,0
DA:18,0
DA:19,0
DA:22,0
DA:28,0
DA:30,0
DA:32,0
DA:38,1
DA:39,0
DA:40,0
DA:42,0
DA:44,0
DA:45,0
DA:47,0
DA:48,0
DA:50,0
DA:52,0
DA:54,0
DA:60,1
LF:28
LH:7
BRDA:14,1,0,0
BRDA:14,1,1,0
BRDA:44,2,0,0
BRDA:44,2,1,0
BRDA:47,3,0,0
BRDA:47,3,1,0
BRF:6
BRH:0
end_of_record
